[2026-03-07 09:27:17] INFO: ============================================================
[2026-03-07 09:27:17] INFO: CRON PRODUCT SCRAPER - Starting daily scrape
[2026-03-07 09:27:17] INFO: ============================================================
[2026-03-07 09:27:17] INFO: Last scrape: None
[2026-03-07 09:27:17] INFO: Last status: never
[2026-03-07 09:27:17] INFO: ==================================================
[2026-03-07 09:27:17] INFO: Starting product scrape at 2026-03-07 09:27:17
[2026-03-07 09:27:17] INFO: Scraper path: /Users/trinitym/.openclaw/workspace-coder-fast/scraper_api/trend_scraper.py
[2026-03-07 09:29:53] INFO: ============================================================
[2026-03-07 09:29:53] INFO: CRON PRODUCT SCRAPER - Starting daily scrape
[2026-03-07 09:29:53] INFO: ============================================================
[2026-03-07 09:29:53] INFO: Last scrape: None
[2026-03-07 09:29:53] INFO: Last status: never
[2026-03-07 09:29:53] INFO: ==================================================
[2026-03-07 09:29:53] INFO: Starting product scrape at 2026-03-07 09:29:53
[2026-03-07 09:29:53] INFO: Scraper path: /Users/trinitym/.openclaw/workspace-coder-fast/scraper_api/trend_scraper.py
2026-03-07 23:00:04 - Starting product scraping
/Library/Developer/CommandLineTools/usr/bin/python3: can't open file '/Users/trinitym/.openclaw/workspace-coder-fast/scraper_api/scripts/trend_scraper.py': [Errno 2] No such file or directory
2026-03-07 23:00:05 - ERROR: Scraping failed
---
