=== Trend Scraper Run Thu Feb 26 09:30:03 CST 2026 ===
/Users/trinitym/Library/Python/3.9/lib/python/site-packages/urllib3/__init__.py:35: NotOpenSSLWarning: urllib3 v2 only supports OpenSSL 1.1.1+, currently the 'ssl' module is compiled with 'LibreSSL 2.8.3'. See: https://github.com/urllib3/urllib3/issues/3020
  warnings.warn(
[2026-02-26 09:30:04] INFO: 🚀 Starting Trending Product Discovery Pipeline
[2026-02-26 09:30:04] INFO: ✅ Database initialized
[2026-02-26 09:30:04] INFO: 🔍 Scraping Amazon Best Sellers: electronics
[2026-02-26 09:30:07] INFO: ✅ Scraped 30 products from Amazon Best Sellers
[2026-02-26 09:30:09] INFO: 🔍 Scraping Amazon Best Sellers: computers
[2026-02-26 09:30:10] INFO: ✅ Scraped 30 products from Amazon Best Sellers
[2026-02-26 09:30:12] INFO: 🔍 Scraping Amazon Best Sellers: sbc
[2026-02-26 09:30:13] INFO: ✅ Scraped 0 products from Amazon Best Sellers
[2026-02-26 09:30:15] INFO: 📈 Checking Google Trends for 4 keywords
[2026-02-26 09:30:42] ERROR: ❌ Error checking Google Trends: The request failed: Google returned a response with code 400
[2026-02-26 09:30:42] INFO: 💾 Saved 4 new, updated 56 products to database
[2026-02-26 09:30:42] INFO: 
🎯 TOP 20 TRENDING PRODUCTS:
[2026-02-26 09:30:42] INFO: ✅ Exported 9 ASINs to trending_asins.txt
[2026-02-26 09:30:42] INFO: 
✅ Trending product discovery complete!
[2026-02-26 09:30:42] INFO: 📄 Next: Use trending_asins.txt with your scraper
=== Completed Thu Feb 26 09:30:42 CST 2026 ===
