=== Trend Scraper Run Fri Feb 27 09:30:01 CST 2026 ===
/Users/trinitym/Library/Python/3.9/lib/python/site-packages/urllib3/__init__.py:35: NotOpenSSLWarning: urllib3 v2 only supports OpenSSL 1.1.1+, currently the 'ssl' module is compiled with 'LibreSSL 2.8.3'. See: https://github.com/urllib3/urllib3/issues/3020
  warnings.warn(
[2026-02-27 09:30:01] INFO: 🚀 Starting Trending Product Discovery Pipeline
[2026-02-27 09:30:01] INFO: ✅ Database initialized
[2026-02-27 09:30:01] INFO: 🔍 Scraping Amazon Best Sellers: electronics
[2026-02-27 09:30:03] INFO: ✅ Scraped 30 products from Amazon Best Sellers
[2026-02-27 09:30:05] INFO: 🔍 Scraping Amazon Best Sellers: computers
[2026-02-27 09:30:06] INFO: ✅ Scraped 30 products from Amazon Best Sellers
[2026-02-27 09:30:08] INFO: 🔍 Scraping Amazon Best Sellers: sbc
[2026-02-27 09:30:09] INFO: ✅ Scraped 0 products from Amazon Best Sellers
[2026-02-27 09:30:11] INFO: 📈 Checking Google Trends for 4 keywords
[2026-02-27 09:30:15] ERROR: ❌ Error checking Google Trends: HTTPSConnectionPool(host='trends.google.com', port=443): Max retries exceeded with url: /trends/explore/?geo=US (Caused by ConnectTimeoutError(<HTTPSConnection(host='trends.google.com', port=443) at 0x109591250>, 'Connection to trends.google.com timed out. (connect timeout=2)'))
[2026-02-27 09:30:16] INFO: 💾 Saved 2 new, updated 58 products to database
[2026-02-27 09:30:16] INFO: 
🎯 TOP 20 TRENDING PRODUCTS:
[2026-02-27 09:30:16] INFO: ✅ Exported 10 ASINs to trending_asins.txt
[2026-02-27 09:30:16] INFO: 
✅ Trending product discovery complete!
[2026-02-27 09:30:16] INFO: 📄 Next: Use trending_asins.txt with your scraper
=== Completed Fri Feb 27 09:30:16 CST 2026 ===
