=== Trend Scraper Run Sat Feb 28 09:30:00 CST 2026 ===
/Users/trinitym/Library/Python/3.9/lib/python/site-packages/urllib3/__init__.py:35: NotOpenSSLWarning: urllib3 v2 only supports OpenSSL 1.1.1+, currently the 'ssl' module is compiled with 'LibreSSL 2.8.3'. See: https://github.com/urllib3/urllib3/issues/3020
  warnings.warn(
[2026-02-28 09:30:01] INFO: 🚀 Starting Trending Product Discovery Pipeline
[2026-02-28 09:30:01] INFO: ✅ Database initialized
[2026-02-28 09:30:01] INFO: 🔍 Scraping Amazon Best Sellers: electronics
[2026-02-28 09:30:04] INFO: ✅ Scraped 30 products from Amazon Best Sellers
[2026-02-28 09:30:06] INFO: 🔍 Scraping Amazon Best Sellers: computers
[2026-02-28 09:30:08] INFO: ✅ Scraped 30 products from Amazon Best Sellers
[2026-02-28 09:30:10] INFO: 🔍 Scraping Amazon Best Sellers: sbc
[2026-02-28 09:30:11] INFO: ✅ Scraped 0 products from Amazon Best Sellers
[2026-02-28 09:30:13] INFO: 📈 Checking Google Trends for 4 keywords
[2026-02-28 09:30:18] ERROR: ❌ Error checking Google Trends: HTTPSConnectionPool(host='trends.google.com', port=443): Read timed out. (read timeout=2)
[2026-02-28 09:30:18] INFO: 💾 Saved 3 new, updated 57 products to database
[2026-02-28 09:30:18] INFO: 
🎯 TOP 20 TRENDING PRODUCTS:
[2026-02-28 09:30:18] INFO: ✅ Exported 10 ASINs to trending_asins.txt
[2026-02-28 09:30:18] INFO: 
✅ Trending product discovery complete!
[2026-02-28 09:30:18] INFO: 📄 Next: Use trending_asins.txt with your scraper
=== Completed Sat Feb 28 09:30:18 CST 2026 ===
