=== Trend Scraper Run Wed Feb 25 16:04:05 CST 2026 ===
/Users/trinitym/Library/Python/3.9/lib/python/site-packages/urllib3/__init__.py:35: NotOpenSSLWarning: urllib3 v2 only supports OpenSSL 1.1.1+, currently the 'ssl' module is compiled with 'LibreSSL 2.8.3'. See: https://github.com/urllib3/urllib3/issues/3020
  warnings.warn(
[2026-02-25 16:04:07] INFO: 🚀 Starting Trending Product Discovery Pipeline
[2026-02-25 16:04:07] INFO: ✅ Database initialized
[2026-02-25 16:04:07] INFO: 🔍 Scraping Amazon Best Sellers: electronics
[2026-02-25 16:04:12] INFO: ✅ Scraped 30 products from Amazon Best Sellers
[2026-02-25 16:04:14] INFO: 🔍 Scraping Amazon Best Sellers: computers
[2026-02-25 16:04:15] INFO: ✅ Scraped 30 products from Amazon Best Sellers
[2026-02-25 16:04:17] INFO: 🔍 Scraping Amazon Best Sellers: sbc
[2026-02-25 16:04:19] INFO: ✅ Scraped 0 products from Amazon Best Sellers
[2026-02-25 16:04:21] INFO: 📈 Checking Google Trends for 4 keywords
[2026-02-25 16:04:21] WARNING: ⚠️ pytrends not installed. Install with: pip install pytrends
[2026-02-25 16:04:21] INFO: 💾 Saved 0 new, updated 60 products to database
[2026-02-25 16:04:21] INFO: 
🎯 TOP 20 TRENDING PRODUCTS:
[2026-02-25 16:04:21] INFO: ✅ Exported 9 ASINs to trending_asins.txt
[2026-02-25 16:04:21] INFO: 
✅ Trending product discovery complete!
[2026-02-25 16:04:21] INFO: 📄 Next: Use trending_asins.txt with your scraper
=== Completed Wed Feb 25 16:04:21 CST 2026 ===
